The system is: Darwin - 17.3.0 - x86_64
Compiling the C compiler identification source file "CMakeCCompilerId.c" succeeded.
Compiler: /usr/local/Cellar/gcc/7.2.0/bin/gcc-7 
Build flags: 
Id flags:  

The output was:
0


Compilation of the C compiler identification source "CMakeCCompilerId.c" produced "a.out"

The C compiler identification is GNU, found in "/Users/zw/Downloads/project_NUMA_KNN/source_code_mac_osx/cmake-build-debug/CMakeFiles/3.9.6/CompilerIdC/a.out"

Compiling the CXX compiler identification source file "CMakeCXXCompilerId.cpp" succeeded.
Compiler: /usr/local/Cellar/gcc/7.2.0/bin/g++-7 
Build flags: 
Id flags:  

The output was:
0


Compilation of the CXX compiler identification source "CMakeCXXCompilerId.cpp" produced "a.out"

The CXX compiler identification is GNU, found in "/Users/zw/Downloads/project_NUMA_KNN/source_code_mac_osx/cmake-build-debug/CMakeFiles/3.9.6/CompilerIdCXX/a.out"

Determining if the C compiler works passed with the following output:
Change Dir: /Users/zw/Downloads/project_NUMA_KNN/source_code_mac_osx/cmake-build-debug/CMakeFiles/CMakeTmp

Run Build Command:"/usr/bin/make" "cmTC_f063e/fast"
/Applications/Xcode.app/Contents/Developer/usr/bin/make -f CMakeFiles/cmTC_f063e.dir/build.make CMakeFiles/cmTC_f063e.dir/build
Building C object CMakeFiles/cmTC_f063e.dir/testCCompiler.c.o
/usr/local/Cellar/gcc/7.2.0/bin/gcc-7    -o CMakeFiles/cmTC_f063e.dir/testCCompiler.c.o   -c /Users/zw/Downloads/project_NUMA_KNN/source_code_mac_osx/cmake-build-debug/CMakeFiles/CMakeTmp/testCCompiler.c
Linking C executable cmTC_f063e
"/Users/zw/Library/Application Support/JetBrains/Toolbox/apps/CLion/ch-0/173.4301.33/CLion.app/Contents/bin/cmake/bin/cmake" -E cmake_link_script CMakeFiles/cmTC_f063e.dir/link.txt --verbose=1
/usr/local/Cellar/gcc/7.2.0/bin/gcc-7   -Wl,-search_paths_first -Wl,-headerpad_max_install_names   CMakeFiles/cmTC_f063e.dir/testCCompiler.c.o  -o cmTC_f063e 


Detecting C compiler ABI info compiled with the following output:
Change Dir: /Users/zw/Downloads/project_NUMA_KNN/source_code_mac_osx/cmake-build-debug/CMakeFiles/CMakeTmp

Run Build Command:"/usr/bin/make" "cmTC_05a35/fast"
/Applications/Xcode.app/Contents/Developer/usr/bin/make -f CMakeFiles/cmTC_05a35.dir/build.make CMakeFiles/cmTC_05a35.dir/build
Building C object CMakeFiles/cmTC_05a35.dir/CMakeCCompilerABI.c.o
/usr/local/Cellar/gcc/7.2.0/bin/gcc-7    -o CMakeFiles/cmTC_05a35.dir/CMakeCCompilerABI.c.o   -c "/Users/zw/Library/Application Support/JetBrains/Toolbox/apps/CLion/ch-0/173.4301.33/CLion.app/Contents/bin/cmake/share/cmake-3.9/Modules/CMakeCCompilerABI.c"
Linking C executable cmTC_05a35
"/Users/zw/Library/Application Support/JetBrains/Toolbox/apps/CLion/ch-0/173.4301.33/CLion.app/Contents/bin/cmake/bin/cmake" -E cmake_link_script CMakeFiles/cmTC_05a35.dir/link.txt --verbose=1
/usr/local/Cellar/gcc/7.2.0/bin/gcc-7   -Wl,-search_paths_first -Wl,-headerpad_max_install_names  -v -Wl,-v CMakeFiles/cmTC_05a35.dir/CMakeCCompilerABI.c.o  -o cmTC_05a35 
Using built-in specs.
COLLECT_GCC=/usr/local/Cellar/gcc/7.2.0/bin/gcc-7
COLLECT_LTO_WRAPPER=/usr/local/Cellar/gcc/7.2.0/libexec/gcc/x86_64-apple-darwin17.0.0/7.2.0/lto-wrapper
Target: x86_64-apple-darwin17.0.0
Configured with: ../configure --build=x86_64-apple-darwin17.0.0 --prefix=/usr/local/Cellar/gcc/7.2.0 --libdir=/usr/local/Cellar/gcc/7.2.0/lib/gcc/7 --enable-languages=c,c++,objc,obj-c++,fortran --program-suffix=-7 --with-gmp=/usr/local/opt/gmp --with-mpfr=/usr/local/opt/mpfr --with-mpc=/usr/local/opt/libmpc --with-isl=/usr/local/opt/isl --with-system-zlib --enable-checking=release --with-pkgversion='Homebrew GCC 7.2.0' --with-bugurl=https://github.com/Homebrew/homebrew-core/issues --disable-nls
Thread model: posix
gcc version 7.2.0 (Homebrew GCC 7.2.0) 
COMPILER_PATH=/usr/local/Cellar/gcc/7.2.0/libexec/gcc/x86_64-apple-darwin17.0.0/7.2.0/:/usr/local/Cellar/gcc/7.2.0/libexec/gcc/x86_64-apple-darwin17.0.0/7.2.0/:/usr/local/Cellar/gcc/7.2.0/libexec/gcc/x86_64-apple-darwin17.0.0/:/usr/local/Cellar/gcc/7.2.0/lib/gcc/7/gcc/x86_64-apple-darwin17.0.0/7.2.0/:/usr/local/Cellar/gcc/7.2.0/lib/gcc/7/gcc/x86_64-apple-darwin17.0.0/
LIBRARY_PATH=/usr/local/Cellar/gcc/7.2.0/lib/gcc/7/gcc/x86_64-apple-darwin17.0.0/7.2.0/:/usr/local/Cellar/gcc/7.2.0/lib/gcc/7/gcc/x86_64-apple-darwin17.0.0/7.2.0/../../../
COLLECT_GCC_OPTIONS='-v' '-o' 'cmTC_05a35' '-mmacosx-version-min=10.13.3' '-asm_macosx_version_min=10.13' '-mtune=core2'
 /usr/local/Cellar/gcc/7.2.0/libexec/gcc/x86_64-apple-darwin17.0.0/7.2.0/collect2 -dynamic -arch x86_64 -macosx_version_min 10.13.3 -weak_reference_mismatches non-weak -o cmTC_05a35 -L/usr/local/Cellar/gcc/7.2.0/lib/gcc/7/gcc/x86_64-apple-darwin17.0.0/7.2.0 -L/usr/local/Cellar/gcc/7.2.0/lib/gcc/7/gcc/x86_64-apple-darwin17.0.0/7.2.0/../../.. -search_paths_first -headerpad_max_install_names -v CMakeFiles/cmTC_05a35.dir/CMakeCCompilerABI.c.o -no_compact_unwind -lSystem -lgcc_ext.10.5 -lgcc -lSystem -v
collect2 version 7.2.0
/usr/bin/ld -dynamic -arch x86_64 -macosx_version_min 10.13.3 -weak_reference_mismatches non-weak -o cmTC_05a35 -L/usr/local/Cellar/gcc/7.2.0/lib/gcc/7/gcc/x86_64-apple-darwin17.0.0/7.2.0 -L/usr/local/Cellar/gcc/7.2.0/lib/gcc/7/gcc/x86_64-apple-darwin17.0.0/7.2.0/../../.. -search_paths_first -headerpad_max_install_names -v CMakeFiles/cmTC_05a35.dir/CMakeCCompilerABI.c.o -no_compact_unwind -lSystem -lgcc_ext.10.5 -lgcc -lSystem -v
@(#)PROGRAM:ld  PROJECT:ld64-305
configured to support archs: armv6 armv7 armv7s arm64 i386 x86_64 x86_64h armv6m armv7k armv7m armv7em (tvOS)
@(#)PROGRAM:ld  PROJECT:ld64-305
configured to support archs: armv6 armv7 armv7s arm64 i386 x86_64 x86_64h armv6m armv7k armv7m armv7em (tvOS)
Library search paths:
	/usr/local/Cellar/gcc/7.2.0/lib/gcc/7/gcc/x86_64-apple-darwin17.0.0/7.2.0
	/usr/local/Cellar/gcc/7.2.0/lib/gcc/7
	/usr/lib
	/usr/local/lib
Framework search paths:
	/Library/Frameworks/
	/System/Library/Frameworks/
 /usr/bin/nm -n CMakeFiles/cmTC_05a35.dir/CMakeCCompilerABI.c.o


Parsed C implicit link information from above output:
  link line regex: [^( *|.*[/\])(ld|CMAKE_LINK_STARTFILE-NOTFOUND|([^/\]+-)?ld|collect2)[^/\]*( |$)]
  ignore line: [Change Dir: /Users/zw/Downloads/project_NUMA_KNN/source_code_mac_osx/cmake-build-debug/CMakeFiles/CMakeTmp]
  ignore line: []
  ignore line: [Run Build Command:"/usr/bin/make" "cmTC_05a35/fast"]
  ignore line: [/Applications/Xcode.app/Contents/Developer/usr/bin/make -f CMakeFiles/cmTC_05a35.dir/build.make CMakeFiles/cmTC_05a35.dir/build]
  ignore line: [Building C object CMakeFiles/cmTC_05a35.dir/CMakeCCompilerABI.c.o]
  ignore line: [/usr/local/Cellar/gcc/7.2.0/bin/gcc-7    -o CMakeFiles/cmTC_05a35.dir/CMakeCCompilerABI.c.o   -c "/Users/zw/Library/Application Support/JetBrains/Toolbox/apps/CLion/ch-0/173.4301.33/CLion.app/Contents/bin/cmake/share/cmake-3.9/Modules/CMakeCCompilerABI.c"]
  ignore line: [Linking C executable cmTC_05a35]
  ignore line: ["/Users/zw/Library/Application Support/JetBrains/Toolbox/apps/CLion/ch-0/173.4301.33/CLion.app/Contents/bin/cmake/bin/cmake" -E cmake_link_script CMakeFiles/cmTC_05a35.dir/link.txt --verbose=1]
  ignore line: [/usr/local/Cellar/gcc/7.2.0/bin/gcc-7   -Wl,-search_paths_first -Wl,-headerpad_max_install_names  -v -Wl,-v CMakeFiles/cmTC_05a35.dir/CMakeCCompilerABI.c.o  -o cmTC_05a35 ]
  ignore line: [Using built-in specs.]
  ignore line: [COLLECT_GCC=/usr/local/Cellar/gcc/7.2.0/bin/gcc-7]
  ignore line: [COLLECT_LTO_WRAPPER=/usr/local/Cellar/gcc/7.2.0/libexec/gcc/x86_64-apple-darwin17.0.0/7.2.0/lto-wrapper]
  ignore line: [Target: x86_64-apple-darwin17.0.0]
  ignore line: [Configured with: ../configure --build=x86_64-apple-darwin17.0.0 --prefix=/usr/local/Cellar/gcc/7.2.0 --libdir=/usr/local/Cellar/gcc/7.2.0/lib/gcc/7 --enable-languages=c,c++,objc,obj-c++,fortran --program-suffix=-7 --with-gmp=/usr/local/opt/gmp --with-mpfr=/usr/local/opt/mpfr --with-mpc=/usr/local/opt/libmpc --with-isl=/usr/local/opt/isl --with-system-zlib --enable-checking=release --with-pkgversion='Homebrew GCC 7.2.0' --with-bugurl=https://github.com/Homebrew/homebrew-core/issues --disable-nls]
  ignore line: [Thread model: posix]
  ignore line: [gcc version 7.2.0 (Homebrew GCC 7.2.0) ]
  ignore line: [COMPILER_PATH=/usr/local/Cellar/gcc/7.2.0/libexec/gcc/x86_64-apple-darwin17.0.0/7.2.0/:/usr/local/Cellar/gcc/7.2.0/libexec/gcc/x86_64-apple-darwin17.0.0/7.2.0/:/usr/local/Cellar/gcc/7.2.0/libexec/gcc/x86_64-apple-darwin17.0.0/:/usr/local/Cellar/gcc/7.2.0/lib/gcc/7/gcc/x86_64-apple-darwin17.0.0/7.2.0/:/usr/local/Cellar/gcc/7.2.0/lib/gcc/7/gcc/x86_64-apple-darwin17.0.0/]
  ignore line: [LIBRARY_PATH=/usr/local/Cellar/gcc/7.2.0/lib/gcc/7/gcc/x86_64-apple-darwin17.0.0/7.2.0/:/usr/local/Cellar/gcc/7.2.0/lib/gcc/7/gcc/x86_64-apple-darwin17.0.0/7.2.0/../../../]
  ignore line: [COLLECT_GCC_OPTIONS='-v' '-o' 'cmTC_05a35' '-mmacosx-version-min=10.13.3' '-asm_macosx_version_min=10.13' '-mtune=core2']
  link line: [ /usr/local/Cellar/gcc/7.2.0/libexec/gcc/x86_64-apple-darwin17.0.0/7.2.0/collect2 -dynamic -arch x86_64 -macosx_version_min 10.13.3 -weak_reference_mismatches non-weak -o cmTC_05a35 -L/usr/local/Cellar/gcc/7.2.0/lib/gcc/7/gcc/x86_64-apple-darwin17.0.0/7.2.0 -L/usr/local/Cellar/gcc/7.2.0/lib/gcc/7/gcc/x86_64-apple-darwin17.0.0/7.2.0/../../.. -search_paths_first -headerpad_max_install_names -v CMakeFiles/cmTC_05a35.dir/CMakeCCompilerABI.c.o -no_compact_unwind -lSystem -lgcc_ext.10.5 -lgcc -lSystem -v]
    arg [/usr/local/Cellar/gcc/7.2.0/libexec/gcc/x86_64-apple-darwin17.0.0/7.2.0/collect2] ==> ignore
    arg [-dynamic] ==> ignore
    arg [-arch] ==> ignore
    arg [x86_64] ==> ignore
    arg [-macosx_version_min] ==> ignore
    arg [10.13.3] ==> ignore
    arg [-weak_reference_mismatches] ==> ignore
    arg [non-weak] ==> ignore
    arg [-o] ==> ignore
    arg [cmTC_05a35] ==> ignore
    arg [-L/usr/local/Cellar/gcc/7.2.0/lib/gcc/7/gcc/x86_64-apple-darwin17.0.0/7.2.0] ==> dir [/usr/local/Cellar/gcc/7.2.0/lib/gcc/7/gcc/x86_64-apple-darwin17.0.0/7.2.0]
    arg [-L/usr/local/Cellar/gcc/7.2.0/lib/gcc/7/gcc/x86_64-apple-darwin17.0.0/7.2.0/../../..] ==> dir [/usr/local/Cellar/gcc/7.2.0/lib/gcc/7/gcc/x86_64-apple-darwin17.0.0/7.2.0/../../..]
    arg [-search_paths_first] ==> ignore
    arg [-headerpad_max_install_names] ==> ignore
    arg [-v] ==> ignore
    arg [CMakeFiles/cmTC_05a35.dir/CMakeCCompilerABI.c.o] ==> ignore
    arg [-no_compact_unwind] ==> ignore
    arg [-lSystem] ==> lib [System]
    arg [-lgcc_ext.10.5] ==> lib [gcc_ext.10.5]
    arg [-lgcc] ==> lib [gcc]
    arg [-lSystem] ==> lib [System]
    arg [-v] ==> ignore
  Library search paths: [;/usr/local/Cellar/gcc/7.2.0/lib/gcc/7/gcc/x86_64-apple-darwin17.0.0/7.2.0;/usr/local/Cellar/gcc/7.2.0/lib/gcc/7;/usr/lib;/usr/local/lib]
  Framework search paths: [;/Library/Frameworks/;/System/Library/Frameworks/]
  remove lib [System]
  remove lib [System]
  collapse library dir [/usr/local/Cellar/gcc/7.2.0/lib/gcc/7/gcc/x86_64-apple-darwin17.0.0/7.2.0] ==> [/usr/local/Cellar/gcc/7.2.0/lib/gcc/7/gcc/x86_64-apple-darwin17.0.0/7.2.0]
  collapse library dir [/usr/local/Cellar/gcc/7.2.0/lib/gcc/7/gcc/x86_64-apple-darwin17.0.0/7.2.0/../../..] ==> [/usr/local/Cellar/gcc/7.2.0/lib/gcc/7]
  collapse library dir [/usr/local/Cellar/gcc/7.2.0/lib/gcc/7/gcc/x86_64-apple-darwin17.0.0/7.2.0] ==> [/usr/local/Cellar/gcc/7.2.0/lib/gcc/7/gcc/x86_64-apple-darwin17.0.0/7.2.0]
  collapse library dir [/usr/local/Cellar/gcc/7.2.0/lib/gcc/7] ==> [/usr/local/Cellar/gcc/7.2.0/lib/gcc/7]
  collapse library dir [/usr/lib] ==> [/usr/lib]
  collapse library dir [/usr/local/lib] ==> [/usr/local/lib]
  collapse framework dir [/Library/Frameworks/] ==> [/Library/Frameworks]
  collapse framework dir [/System/Library/Frameworks/] ==> [/System/Library/Frameworks]
  implicit libs: [gcc_ext.10.5;gcc]
  implicit dirs: [/usr/local/Cellar/gcc/7.2.0/lib/gcc/7/gcc/x86_64-apple-darwin17.0.0/7.2.0;/usr/local/Cellar/gcc/7.2.0/lib/gcc/7;/usr/lib;/usr/local/lib]
  implicit fwks: [/Library/Frameworks;/System/Library/Frameworks]




Detecting C [-std=c11] compiler features compiled with the following output:
Change Dir: /Users/zw/Downloads/project_NUMA_KNN/source_code_mac_osx/cmake-build-debug/CMakeFiles/CMakeTmp

Run Build Command:"/usr/bin/make" "cmTC_3ba77/fast"
/Applications/Xcode.app/Contents/Developer/usr/bin/make -f CMakeFiles/cmTC_3ba77.dir/build.make CMakeFiles/cmTC_3ba77.dir/build
Building C object CMakeFiles/cmTC_3ba77.dir/feature_tests.c.o
/usr/local/Cellar/gcc/7.2.0/bin/gcc-7   -std=c11 -o CMakeFiles/cmTC_3ba77.dir/feature_tests.c.o   -c /Users/zw/Downloads/project_NUMA_KNN/source_code_mac_osx/cmake-build-debug/CMakeFiles/feature_tests.c
Linking C executable cmTC_3ba77
"/Users/zw/Library/Application Support/JetBrains/Toolbox/apps/CLion/ch-0/173.4301.33/CLion.app/Contents/bin/cmake/bin/cmake" -E cmake_link_script CMakeFiles/cmTC_3ba77.dir/link.txt --verbose=1
/usr/local/Cellar/gcc/7.2.0/bin/gcc-7   -Wl,-search_paths_first -Wl,-headerpad_max_install_names   CMakeFiles/cmTC_3ba77.dir/feature_tests.c.o  -o cmTC_3ba77 


    Feature record: C_FEATURE:1c_function_prototypes
    Feature record: C_FEATURE:1c_restrict
    Feature record: C_FEATURE:1c_static_assert
    Feature record: C_FEATURE:1c_variadic_macros


Detecting C [-std=c99] compiler features compiled with the following output:
Change Dir: /Users/zw/Downloads/project_NUMA_KNN/source_code_mac_osx/cmake-build-debug/CMakeFiles/CMakeTmp

Run Build Command:"/usr/bin/make" "cmTC_5ec30/fast"
/Applications/Xcode.app/Contents/Developer/usr/bin/make -f CMakeFiles/cmTC_5ec30.dir/build.make CMakeFiles/cmTC_5ec30.dir/build
Building C object CMakeFiles/cmTC_5ec30.dir/feature_tests.c.o
/usr/local/Cellar/gcc/7.2.0/bin/gcc-7   -std=c99 -o CMakeFiles/cmTC_5ec30.dir/feature_tests.c.o   -c /Users/zw/Downloads/project_NUMA_KNN/source_code_mac_osx/cmake-build-debug/CMakeFiles/feature_tests.c
Linking C executable cmTC_5ec30
"/Users/zw/Library/Application Support/JetBrains/Toolbox/apps/CLion/ch-0/173.4301.33/CLion.app/Contents/bin/cmake/bin/cmake" -E cmake_link_script CMakeFiles/cmTC_5ec30.dir/link.txt --verbose=1
/usr/local/Cellar/gcc/7.2.0/bin/gcc-7   -Wl,-search_paths_first -Wl,-headerpad_max_install_names   CMakeFiles/cmTC_5ec30.dir/feature_tests.c.o  -o cmTC_5ec30 


    Feature record: C_FEATURE:1c_function_prototypes
    Feature record: C_FEATURE:1c_restrict
    Feature record: C_FEATURE:0c_static_assert
    Feature record: C_FEATURE:1c_variadic_macros


Detecting C [-std=c90] compiler features compiled with the following output:
Change Dir: /Users/zw/Downloads/project_NUMA_KNN/source_code_mac_osx/cmake-build-debug/CMakeFiles/CMakeTmp

Run Build Command:"/usr/bin/make" "cmTC_98300/fast"
/Applications/Xcode.app/Contents/Developer/usr/bin/make -f CMakeFiles/cmTC_98300.dir/build.make CMakeFiles/cmTC_98300.dir/build
Building C object CMakeFiles/cmTC_98300.dir/feature_tests.c.o
/usr/local/Cellar/gcc/7.2.0/bin/gcc-7   -std=c90 -o CMakeFiles/cmTC_98300.dir/feature_tests.c.o   -c /Users/zw/Downloads/project_NUMA_KNN/source_code_mac_osx/cmake-build-debug/CMakeFiles/feature_tests.c
Linking C executable cmTC_98300
"/Users/zw/Library/Application Support/JetBrains/Toolbox/apps/CLion/ch-0/173.4301.33/CLion.app/Contents/bin/cmake/bin/cmake" -E cmake_link_script CMakeFiles/cmTC_98300.dir/link.txt --verbose=1
/usr/local/Cellar/gcc/7.2.0/bin/gcc-7   -Wl,-search_paths_first -Wl,-headerpad_max_install_names   CMakeFiles/cmTC_98300.dir/feature_tests.c.o  -o cmTC_98300 


    Feature record: C_FEATURE:1c_function_prototypes
    Feature record: C_FEATURE:0c_restrict
    Feature record: C_FEATURE:0c_static_assert
    Feature record: C_FEATURE:0c_variadic_macros
Determining if the CXX compiler works passed with the following output:
Change Dir: /Users/zw/Downloads/project_NUMA_KNN/source_code_mac_osx/cmake-build-debug/CMakeFiles/CMakeTmp

Run Build Command:"/usr/bin/make" "cmTC_dfe92/fast"
/Applications/Xcode.app/Contents/Developer/usr/bin/make -f CMakeFiles/cmTC_dfe92.dir/build.make CMakeFiles/cmTC_dfe92.dir/build
Building CXX object CMakeFiles/cmTC_dfe92.dir/testCXXCompiler.cxx.o
/usr/local/Cellar/gcc/7.2.0/bin/g++-7    -std=gnu++11 -o CMakeFiles/cmTC_dfe92.dir/testCXXCompiler.cxx.o -c /Users/zw/Downloads/project_NUMA_KNN/source_code_mac_osx/cmake-build-debug/CMakeFiles/CMakeTmp/testCXXCompiler.cxx
Linking CXX executable cmTC_dfe92
"/Users/zw/Library/Application Support/JetBrains/Toolbox/apps/CLion/ch-0/173.4301.33/CLion.app/Contents/bin/cmake/bin/cmake" -E cmake_link_script CMakeFiles/cmTC_dfe92.dir/link.txt --verbose=1
/usr/local/Cellar/gcc/7.2.0/bin/g++-7    -Wl,-search_paths_first -Wl,-headerpad_max_install_names   CMakeFiles/cmTC_dfe92.dir/testCXXCompiler.cxx.o  -o cmTC_dfe92 


Detecting CXX compiler ABI info compiled with the following output:
Change Dir: /Users/zw/Downloads/project_NUMA_KNN/source_code_mac_osx/cmake-build-debug/CMakeFiles/CMakeTmp

Run Build Command:"/usr/bin/make" "cmTC_720bf/fast"
/Applications/Xcode.app/Contents/Developer/usr/bin/make -f CMakeFiles/cmTC_720bf.dir/build.make CMakeFiles/cmTC_720bf.dir/build
Building CXX object CMakeFiles/cmTC_720bf.dir/CMakeCXXCompilerABI.cpp.o
/usr/local/Cellar/gcc/7.2.0/bin/g++-7    -std=gnu++11 -o CMakeFiles/cmTC_720bf.dir/CMakeCXXCompilerABI.cpp.o -c "/Users/zw/Library/Application Support/JetBrains/Toolbox/apps/CLion/ch-0/173.4301.33/CLion.app/Contents/bin/cmake/share/cmake-3.9/Modules/CMakeCXXCompilerABI.cpp"
Linking CXX executable cmTC_720bf
"/Users/zw/Library/Application Support/JetBrains/Toolbox/apps/CLion/ch-0/173.4301.33/CLion.app/Contents/bin/cmake/bin/cmake" -E cmake_link_script CMakeFiles/cmTC_720bf.dir/link.txt --verbose=1
/usr/local/Cellar/gcc/7.2.0/bin/g++-7    -Wl,-search_paths_first -Wl,-headerpad_max_install_names  -v -Wl,-v CMakeFiles/cmTC_720bf.dir/CMakeCXXCompilerABI.cpp.o  -o cmTC_720bf 
Using built-in specs.
COLLECT_GCC=/usr/local/Cellar/gcc/7.2.0/bin/g++-7
COLLECT_LTO_WRAPPER=/usr/local/Cellar/gcc/7.2.0/libexec/gcc/x86_64-apple-darwin17.0.0/7.2.0/lto-wrapper
Target: x86_64-apple-darwin17.0.0
Configured with: ../configure --build=x86_64-apple-darwin17.0.0 --prefix=/usr/local/Cellar/gcc/7.2.0 --libdir=/usr/local/Cellar/gcc/7.2.0/lib/gcc/7 --enable-languages=c,c++,objc,obj-c++,fortran --program-suffix=-7 --with-gmp=/usr/local/opt/gmp --with-mpfr=/usr/local/opt/mpfr --with-mpc=/usr/local/opt/libmpc --with-isl=/usr/local/opt/isl --with-system-zlib --enable-checking=release --with-pkgversion='Homebrew GCC 7.2.0' --with-bugurl=https://github.com/Homebrew/homebrew-core/issues --disable-nls
Thread model: posix
gcc version 7.2.0 (Homebrew GCC 7.2.0) 
COMPILER_PATH=/usr/local/Cellar/gcc/7.2.0/libexec/gcc/x86_64-apple-darwin17.0.0/7.2.0/:/usr/local/Cellar/gcc/7.2.0/libexec/gcc/x86_64-apple-darwin17.0.0/7.2.0/:/usr/local/Cellar/gcc/7.2.0/libexec/gcc/x86_64-apple-darwin17.0.0/:/usr/local/Cellar/gcc/7.2.0/lib/gcc/7/gcc/x86_64-apple-darwin17.0.0/7.2.0/:/usr/local/Cellar/gcc/7.2.0/lib/gcc/7/gcc/x86_64-apple-darwin17.0.0/
LIBRARY_PATH=/usr/local/Cellar/gcc/7.2.0/lib/gcc/7/gcc/x86_64-apple-darwin17.0.0/7.2.0/:/usr/local/Cellar/gcc/7.2.0/lib/gcc/7/gcc/x86_64-apple-darwin17.0.0/7.2.0/../../../
COLLECT_GCC_OPTIONS='-v' '-o' 'cmTC_720bf' '-mmacosx-version-min=10.13.3' '-asm_macosx_version_min=10.13' '-shared-libgcc' '-mtune=core2'
 /usr/local/Cellar/gcc/7.2.0/libexec/gcc/x86_64-apple-darwin17.0.0/7.2.0/collect2 -dynamic -arch x86_64 -macosx_version_min 10.13.3 -weak_reference_mismatches non-weak -o cmTC_720bf -L/usr/local/Cellar/gcc/7.2.0/lib/gcc/7/gcc/x86_64-apple-darwin17.0.0/7.2.0 -L/usr/local/Cellar/gcc/7.2.0/lib/gcc/7/gcc/x86_64-apple-darwin17.0.0/7.2.0/../../.. -search_paths_first -headerpad_max_install_names -v CMakeFiles/cmTC_720bf.dir/CMakeCXXCompilerABI.cpp.o -lstdc++ -no_compact_unwind -lSystem -lgcc_ext.10.5 -lgcc -lSystem -v
collect2 version 7.2.0
/usr/bin/ld -dynamic -arch x86_64 -macosx_version_min 10.13.3 -weak_reference_mismatches non-weak -o cmTC_720bf -L/usr/local/Cellar/gcc/7.2.0/lib/gcc/7/gcc/x86_64-apple-darwin17.0.0/7.2.0 -L/usr/local/Cellar/gcc/7.2.0/lib/gcc/7/gcc/x86_64-apple-darwin17.0.0/7.2.0/../../.. -search_paths_first -headerpad_max_install_names -v CMakeFiles/cmTC_720bf.dir/CMakeCXXCompilerABI.cpp.o -lstdc++ -no_compact_unwind -lSystem -lgcc_ext.10.5 -lgcc -lSystem -v
@(#)PROGRAM:ld  PROJECT:ld64-305
configured to support archs: armv6 armv7 armv7s arm64 i386 x86_64 x86_64h armv6m armv7k armv7m armv7em (tvOS)
@(#)PROGRAM:ld  PROJECT:ld64-305
configured to support archs: armv6 armv7 armv7s arm64 i386 x86_64 x86_64h armv6m armv7k armv7m armv7em (tvOS)
Library search paths:
	/usr/local/Cellar/gcc/7.2.0/lib/gcc/7/gcc/x86_64-apple-darwin17.0.0/7.2.0
	/usr/local/Cellar/gcc/7.2.0/lib/gcc/7
	/usr/lib
	/usr/local/lib
Framework search paths:
	/Library/Frameworks/
	/System/Library/Frameworks/
 /usr/bin/nm -n CMakeFiles/cmTC_720bf.dir/CMakeCXXCompilerABI.cpp.o


Parsed CXX implicit link information from above output:
  link line regex: [^( *|.*[/\])(ld|CMAKE_LINK_STARTFILE-NOTFOUND|([^/\]+-)?ld|collect2)[^/\]*( |$)]
  ignore line: [Change Dir: /Users/zw/Downloads/project_NUMA_KNN/source_code_mac_osx/cmake-build-debug/CMakeFiles/CMakeTmp]
  ignore line: []
  ignore line: [Run Build Command:"/usr/bin/make" "cmTC_720bf/fast"]
  ignore line: [/Applications/Xcode.app/Contents/Developer/usr/bin/make -f CMakeFiles/cmTC_720bf.dir/build.make CMakeFiles/cmTC_720bf.dir/build]
  ignore line: [Building CXX object CMakeFiles/cmTC_720bf.dir/CMakeCXXCompilerABI.cpp.o]
  ignore line: [/usr/local/Cellar/gcc/7.2.0/bin/g++-7    -std=gnu++11 -o CMakeFiles/cmTC_720bf.dir/CMakeCXXCompilerABI.cpp.o -c "/Users/zw/Library/Application Support/JetBrains/Toolbox/apps/CLion/ch-0/173.4301.33/CLion.app/Contents/bin/cmake/share/cmake-3.9/Modules/CMakeCXXCompilerABI.cpp"]
  ignore line: [Linking CXX executable cmTC_720bf]
  ignore line: ["/Users/zw/Library/Application Support/JetBrains/Toolbox/apps/CLion/ch-0/173.4301.33/CLion.app/Contents/bin/cmake/bin/cmake" -E cmake_link_script CMakeFiles/cmTC_720bf.dir/link.txt --verbose=1]
  ignore line: [/usr/local/Cellar/gcc/7.2.0/bin/g++-7    -Wl,-search_paths_first -Wl,-headerpad_max_install_names  -v -Wl,-v CMakeFiles/cmTC_720bf.dir/CMakeCXXCompilerABI.cpp.o  -o cmTC_720bf ]
  ignore line: [Using built-in specs.]
  ignore line: [COLLECT_GCC=/usr/local/Cellar/gcc/7.2.0/bin/g++-7]
  ignore line: [COLLECT_LTO_WRAPPER=/usr/local/Cellar/gcc/7.2.0/libexec/gcc/x86_64-apple-darwin17.0.0/7.2.0/lto-wrapper]
  ignore line: [Target: x86_64-apple-darwin17.0.0]
  ignore line: [Configured with: ../configure --build=x86_64-apple-darwin17.0.0 --prefix=/usr/local/Cellar/gcc/7.2.0 --libdir=/usr/local/Cellar/gcc/7.2.0/lib/gcc/7 --enable-languages=c,c++,objc,obj-c++,fortran --program-suffix=-7 --with-gmp=/usr/local/opt/gmp --with-mpfr=/usr/local/opt/mpfr --with-mpc=/usr/local/opt/libmpc --with-isl=/usr/local/opt/isl --with-system-zlib --enable-checking=release --with-pkgversion='Homebrew GCC 7.2.0' --with-bugurl=https://github.com/Homebrew/homebrew-core/issues --disable-nls]
  ignore line: [Thread model: posix]
  ignore line: [gcc version 7.2.0 (Homebrew GCC 7.2.0) ]
  ignore line: [COMPILER_PATH=/usr/local/Cellar/gcc/7.2.0/libexec/gcc/x86_64-apple-darwin17.0.0/7.2.0/:/usr/local/Cellar/gcc/7.2.0/libexec/gcc/x86_64-apple-darwin17.0.0/7.2.0/:/usr/local/Cellar/gcc/7.2.0/libexec/gcc/x86_64-apple-darwin17.0.0/:/usr/local/Cellar/gcc/7.2.0/lib/gcc/7/gcc/x86_64-apple-darwin17.0.0/7.2.0/:/usr/local/Cellar/gcc/7.2.0/lib/gcc/7/gcc/x86_64-apple-darwin17.0.0/]
  ignore line: [LIBRARY_PATH=/usr/local/Cellar/gcc/7.2.0/lib/gcc/7/gcc/x86_64-apple-darwin17.0.0/7.2.0/:/usr/local/Cellar/gcc/7.2.0/lib/gcc/7/gcc/x86_64-apple-darwin17.0.0/7.2.0/../../../]
  ignore line: [COLLECT_GCC_OPTIONS='-v' '-o' 'cmTC_720bf' '-mmacosx-version-min=10.13.3' '-asm_macosx_version_min=10.13' '-shared-libgcc' '-mtune=core2']
  link line: [ /usr/local/Cellar/gcc/7.2.0/libexec/gcc/x86_64-apple-darwin17.0.0/7.2.0/collect2 -dynamic -arch x86_64 -macosx_version_min 10.13.3 -weak_reference_mismatches non-weak -o cmTC_720bf -L/usr/local/Cellar/gcc/7.2.0/lib/gcc/7/gcc/x86_64-apple-darwin17.0.0/7.2.0 -L/usr/local/Cellar/gcc/7.2.0/lib/gcc/7/gcc/x86_64-apple-darwin17.0.0/7.2.0/../../.. -search_paths_first -headerpad_max_install_names -v CMakeFiles/cmTC_720bf.dir/CMakeCXXCompilerABI.cpp.o -lstdc++ -no_compact_unwind -lSystem -lgcc_ext.10.5 -lgcc -lSystem -v]
    arg [/usr/local/Cellar/gcc/7.2.0/libexec/gcc/x86_64-apple-darwin17.0.0/7.2.0/collect2] ==> ignore
    arg [-dynamic] ==> ignore
    arg [-arch] ==> ignore
    arg [x86_64] ==> ignore
    arg [-macosx_version_min] ==> ignore
    arg [10.13.3] ==> ignore
    arg [-weak_reference_mismatches] ==> ignore
    arg [non-weak] ==> ignore
    arg [-o] ==> ignore
    arg [cmTC_720bf] ==> ignore
    arg [-L/usr/local/Cellar/gcc/7.2.0/lib/gcc/7/gcc/x86_64-apple-darwin17.0.0/7.2.0] ==> dir [/usr/local/Cellar/gcc/7.2.0/lib/gcc/7/gcc/x86_64-apple-darwin17.0.0/7.2.0]
    arg [-L/usr/local/Cellar/gcc/7.2.0/lib/gcc/7/gcc/x86_64-apple-darwin17.0.0/7.2.0/../../..] ==> dir [/usr/local/Cellar/gcc/7.2.0/lib/gcc/7/gcc/x86_64-apple-darwin17.0.0/7.2.0/../../..]
    arg [-search_paths_first] ==> ignore
    arg [-headerpad_max_install_names] ==> ignore
    arg [-v] ==> ignore
    arg [CMakeFiles/cmTC_720bf.dir/CMakeCXXCompilerABI.cpp.o] ==> ignore
    arg [-lstdc++] ==> lib [stdc++]
    arg [-no_compact_unwind] ==> ignore
    arg [-lSystem] ==> lib [System]
    arg [-lgcc_ext.10.5] ==> lib [gcc_ext.10.5]
    arg [-lgcc] ==> lib [gcc]
    arg [-lSystem] ==> lib [System]
    arg [-v] ==> ignore
  Library search paths: [;/usr/local/Cellar/gcc/7.2.0/lib/gcc/7/gcc/x86_64-apple-darwin17.0.0/7.2.0;/usr/local/Cellar/gcc/7.2.0/lib/gcc/7;/usr/lib;/usr/local/lib]
  Framework search paths: [;/Library/Frameworks/;/System/Library/Frameworks/]
  remove lib [System]
  remove lib [System]
  collapse library dir [/usr/local/Cellar/gcc/7.2.0/lib/gcc/7/gcc/x86_64-apple-darwin17.0.0/7.2.0] ==> [/usr/local/Cellar/gcc/7.2.0/lib/gcc/7/gcc/x86_64-apple-darwin17.0.0/7.2.0]
  collapse library dir [/usr/local/Cellar/gcc/7.2.0/lib/gcc/7/gcc/x86_64-apple-darwin17.0.0/7.2.0/../../..] ==> [/usr/local/Cellar/gcc/7.2.0/lib/gcc/7]
  collapse library dir [/usr/local/Cellar/gcc/7.2.0/lib/gcc/7/gcc/x86_64-apple-darwin17.0.0/7.2.0] ==> [/usr/local/Cellar/gcc/7.2.0/lib/gcc/7/gcc/x86_64-apple-darwin17.0.0/7.2.0]
  collapse library dir [/usr/local/Cellar/gcc/7.2.0/lib/gcc/7] ==> [/usr/local/Cellar/gcc/7.2.0/lib/gcc/7]
  collapse library dir [/usr/lib] ==> [/usr/lib]
  collapse library dir [/usr/local/lib] ==> [/usr/local/lib]
  collapse framework dir [/Library/Frameworks/] ==> [/Library/Frameworks]
  collapse framework dir [/System/Library/Frameworks/] ==> [/System/Library/Frameworks]
  implicit libs: [stdc++;gcc_ext.10.5;gcc]
  implicit dirs: [/usr/local/Cellar/gcc/7.2.0/lib/gcc/7/gcc/x86_64-apple-darwin17.0.0/7.2.0;/usr/local/Cellar/gcc/7.2.0/lib/gcc/7;/usr/lib;/usr/local/lib]
  implicit fwks: [/Library/Frameworks;/System/Library/Frameworks]




Detecting CXX [-std=c++1z] compiler features compiled with the following output:
Change Dir: /Users/zw/Downloads/project_NUMA_KNN/source_code_mac_osx/cmake-build-debug/CMakeFiles/CMakeTmp

Run Build Command:"/usr/bin/make" "cmTC_8c56d/fast"
/Applications/Xcode.app/Contents/Developer/usr/bin/make -f CMakeFiles/cmTC_8c56d.dir/build.make CMakeFiles/cmTC_8c56d.dir/build
Building CXX object CMakeFiles/cmTC_8c56d.dir/feature_tests.cxx.o
/usr/local/Cellar/gcc/7.2.0/bin/g++-7    -std=c++1z -std=gnu++11 -o CMakeFiles/cmTC_8c56d.dir/feature_tests.cxx.o -c /Users/zw/Downloads/project_NUMA_KNN/source_code_mac_osx/cmake-build-debug/CMakeFiles/feature_tests.cxx
Linking CXX executable cmTC_8c56d
"/Users/zw/Library/Application Support/JetBrains/Toolbox/apps/CLion/ch-0/173.4301.33/CLion.app/Contents/bin/cmake/bin/cmake" -E cmake_link_script CMakeFiles/cmTC_8c56d.dir/link.txt --verbose=1
/usr/local/Cellar/gcc/7.2.0/bin/g++-7    -Wl,-search_paths_first -Wl,-headerpad_max_install_names   CMakeFiles/cmTC_8c56d.dir/feature_tests.cxx.o  -o cmTC_8c56d 


    Feature record: CXX_FEATURE:0cxx_aggregate_default_initializers
    Feature record: CXX_FEATURE:1cxx_alias_templates
    Feature record: CXX_FEATURE:1cxx_alignas
    Feature record: CXX_FEATURE:1cxx_alignof
    Feature record: CXX_FEATURE:1cxx_attributes
    Feature record: CXX_FEATURE:0cxx_attribute_deprecated
    Feature record: CXX_FEATURE:1cxx_auto_type
    Feature record: CXX_FEATURE:0cxx_binary_literals
    Feature record: CXX_FEATURE:1cxx_constexpr
    Feature record: CXX_FEATURE:0cxx_contextual_conversions
    Feature record: CXX_FEATURE:1cxx_decltype
    Feature record: CXX_FEATURE:0cxx_decltype_auto
    Feature record: CXX_FEATURE:1cxx_decltype_incomplete_return_types
    Feature record: CXX_FEATURE:1cxx_default_function_template_args
    Feature record: CXX_FEATURE:1cxx_defaulted_functions
    Feature record: CXX_FEATURE:1cxx_defaulted_move_initializers
    Feature record: CXX_FEATURE:1cxx_delegating_constructors
    Feature record: CXX_FEATURE:1cxx_deleted_functions
    Feature record: CXX_FEATURE:0cxx_digit_separators
    Feature record: CXX_FEATURE:1cxx_enum_forward_declarations
    Feature record: CXX_FEATURE:1cxx_explicit_conversions
    Feature record: CXX_FEATURE:1cxx_extended_friend_declarations
    Feature record: CXX_FEATURE:1cxx_extern_templates
    Feature record: CXX_FEATURE:1cxx_final
    Feature record: CXX_FEATURE:1cxx_func_identifier
    Feature record: CXX_FEATURE:1cxx_generalized_initializers
    Feature record: CXX_FEATURE:0cxx_generic_lambdas
    Feature record: CXX_FEATURE:1cxx_inheriting_constructors
    Feature record: CXX_FEATURE:1cxx_inline_namespaces
    Feature record: CXX_FEATURE:1cxx_lambdas
    Feature record: CXX_FEATURE:0cxx_lambda_init_captures
    Feature record: CXX_FEATURE:1cxx_local_type_template_args
    Feature record: CXX_FEATURE:1cxx_long_long_type
    Feature record: CXX_FEATURE:1cxx_noexcept
    Feature record: CXX_FEATURE:1cxx_nonstatic_member_init
    Feature record: CXX_FEATURE:1cxx_nullptr
    Feature record: CXX_FEATURE:1cxx_override
    Feature record: CXX_FEATURE:1cxx_range_for
    Feature record: CXX_FEATURE:1cxx_raw_string_literals
    Feature record: CXX_FEATURE:1cxx_reference_qualified_functions
    Feature record: CXX_FEATURE:0cxx_relaxed_constexpr
    Feature record: CXX_FEATURE:0cxx_return_type_deduction
    Feature record: CXX_FEATURE:1cxx_right_angle_brackets
    Feature record: CXX_FEATURE:1cxx_rvalue_references
    Feature record: CXX_FEATURE:1cxx_sizeof_member
    Feature record: CXX_FEATURE:1cxx_static_assert
    Feature record: CXX_FEATURE:1cxx_strong_enums
    Feature record: CXX_FEATURE:1cxx_template_template_parameters
    Feature record: CXX_FEATURE:1cxx_thread_local
    Feature record: CXX_FEATURE:1cxx_trailing_return_types
    Feature record: CXX_FEATURE:1cxx_unicode_literals
    Feature record: CXX_FEATURE:1cxx_uniform_initialization
    Feature record: CXX_FEATURE:1cxx_unrestricted_unions
    Feature record: CXX_FEATURE:1cxx_user_literals
    Feature record: CXX_FEATURE:0cxx_variable_templates
    Feature record: CXX_FEATURE:1cxx_variadic_macros
    Feature record: CXX_FEATURE:1cxx_variadic_templates


Detecting CXX [-std=c++14] compiler features compiled with the following output:
Change Dir: /Users/zw/Downloads/project_NUMA_KNN/source_code_mac_osx/cmake-build-debug/CMakeFiles/CMakeTmp

Run Build Command:"/usr/bin/make" "cmTC_3a0cb/fast"
/Applications/Xcode.app/Contents/Developer/usr/bin/make -f CMakeFiles/cmTC_3a0cb.dir/build.make CMakeFiles/cmTC_3a0cb.dir/build
Building CXX object CMakeFiles/cmTC_3a0cb.dir/feature_tests.cxx.o
/usr/local/Cellar/gcc/7.2.0/bin/g++-7    -std=c++14 -std=gnu++11 -o CMakeFiles/cmTC_3a0cb.dir/feature_tests.cxx.o -c /Users/zw/Downloads/project_NUMA_KNN/source_code_mac_osx/cmake-build-debug/CMakeFiles/feature_tests.cxx
Linking CXX executable cmTC_3a0cb
"/Users/zw/Library/Application Support/JetBrains/Toolbox/apps/CLion/ch-0/173.4301.33/CLion.app/Contents/bin/cmake/bin/cmake" -E cmake_link_script CMakeFiles/cmTC_3a0cb.dir/link.txt --verbose=1
/usr/local/Cellar/gcc/7.2.0/bin/g++-7    -Wl,-search_paths_first -Wl,-headerpad_max_install_names   CMakeFiles/cmTC_3a0cb.dir/feature_tests.cxx.o  -o cmTC_3a0cb 


    Feature record: CXX_FEATURE:0cxx_aggregate_default_initializers
    Feature record: CXX_FEATURE:1cxx_alias_templates
    Feature record: CXX_FEATURE:1cxx_alignas
    Feature record: CXX_FEATURE:1cxx_alignof
    Feature record: CXX_FEATURE:1cxx_attributes
    Feature record: CXX_FEATURE:0cxx_attribute_deprecated
    Feature record: CXX_FEATURE:1cxx_auto_type
    Feature record: CXX_FEATURE:0cxx_binary_literals
    Feature record: CXX_FEATURE:1cxx_constexpr
    Feature record: CXX_FEATURE:0cxx_contextual_conversions
    Feature record: CXX_FEATURE:1cxx_decltype
    Feature record: CXX_FEATURE:0cxx_decltype_auto
    Feature record: CXX_FEATURE:1cxx_decltype_incomplete_return_types
    Feature record: CXX_FEATURE:1cxx_default_function_template_args
    Feature record: CXX_FEATURE:1cxx_defaulted_functions
    Feature record: CXX_FEATURE:1cxx_defaulted_move_initializers
    Feature record: CXX_FEATURE:1cxx_delegating_constructors
    Feature record: CXX_FEATURE:1cxx_deleted_functions
    Feature record: CXX_FEATURE:0cxx_digit_separators
    Feature record: CXX_FEATURE:1cxx_enum_forward_declarations
    Feature record: CXX_FEATURE:1cxx_explicit_conversions
    Feature record: CXX_FEATURE:1cxx_extended_friend_declarations
    Feature record: CXX_FEATURE:1cxx_extern_templates
    Feature record: CXX_FEATURE:1cxx_final
    Feature record: CXX_FEATURE:1cxx_func_identifier
    Feature record: CXX_FEATURE:1cxx_generalized_initializers
    Feature record: CXX_FEATURE:0cxx_generic_lambdas
    Feature record: CXX_FEATURE:1cxx_inheriting_constructors
    Feature record: CXX_FEATURE:1cxx_inline_namespaces
    Feature record: CXX_FEATURE:1cxx_lambdas
    Feature record: CXX_FEATURE:0cxx_lambda_init_captures
    Feature record: CXX_FEATURE:1cxx_local_type_template_args
    Feature record: CXX_FEATURE:1cxx_long_long_type
    Feature record: CXX_FEATURE:1cxx_noexcept
    Feature record: CXX_FEATURE:1cxx_nonstatic_member_init
    Feature record: CXX_FEATURE:1cxx_nullptr
    Feature record: CXX_FEATURE:1cxx_override
    Feature record: CXX_FEATURE:1cxx_range_for
    Feature record: CXX_FEATURE:1cxx_raw_string_literals
    Feature record: CXX_FEATURE:1cxx_reference_qualified_functions
    Feature record: CXX_FEATURE:0cxx_relaxed_constexpr
    Feature record: CXX_FEATURE:0cxx_return_type_deduction
    Feature record: CXX_FEATURE:1cxx_right_angle_brackets
    Feature record: CXX_FEATURE:1cxx_rvalue_references
    Feature record: CXX_FEATURE:1cxx_sizeof_member
    Feature record: CXX_FEATURE:1cxx_static_assert
    Feature record: CXX_FEATURE:1cxx_strong_enums
    Feature record: CXX_FEATURE:1cxx_template_template_parameters
    Feature record: CXX_FEATURE:1cxx_thread_local
    Feature record: CXX_FEATURE:1cxx_trailing_return_types
    Feature record: CXX_FEATURE:1cxx_unicode_literals
    Feature record: CXX_FEATURE:1cxx_uniform_initialization
    Feature record: CXX_FEATURE:1cxx_unrestricted_unions
    Feature record: CXX_FEATURE:1cxx_user_literals
    Feature record: CXX_FEATURE:0cxx_variable_templates
    Feature record: CXX_FEATURE:1cxx_variadic_macros
    Feature record: CXX_FEATURE:1cxx_variadic_templates


Detecting CXX [-std=c++11] compiler features compiled with the following output:
Change Dir: /Users/zw/Downloads/project_NUMA_KNN/source_code_mac_osx/cmake-build-debug/CMakeFiles/CMakeTmp

Run Build Command:"/usr/bin/make" "cmTC_87750/fast"
/Applications/Xcode.app/Contents/Developer/usr/bin/make -f CMakeFiles/cmTC_87750.dir/build.make CMakeFiles/cmTC_87750.dir/build
Building CXX object CMakeFiles/cmTC_87750.dir/feature_tests.cxx.o
/usr/local/Cellar/gcc/7.2.0/bin/g++-7    -std=c++11 -std=gnu++11 -o CMakeFiles/cmTC_87750.dir/feature_tests.cxx.o -c /Users/zw/Downloads/project_NUMA_KNN/source_code_mac_osx/cmake-build-debug/CMakeFiles/feature_tests.cxx
Linking CXX executable cmTC_87750
"/Users/zw/Library/Application Support/JetBrains/Toolbox/apps/CLion/ch-0/173.4301.33/CLion.app/Contents/bin/cmake/bin/cmake" -E cmake_link_script CMakeFiles/cmTC_87750.dir/link.txt --verbose=1
/usr/local/Cellar/gcc/7.2.0/bin/g++-7    -Wl,-search_paths_first -Wl,-headerpad_max_install_names   CMakeFiles/cmTC_87750.dir/feature_tests.cxx.o  -o cmTC_87750 


    Feature record: CXX_FEATURE:0cxx_aggregate_default_initializers
    Feature record: CXX_FEATURE:1cxx_alias_templates
    Feature record: CXX_FEATURE:1cxx_alignas
    Feature record: CXX_FEATURE:1cxx_alignof
    Feature record: CXX_FEATURE:1cxx_attributes
    Feature record: CXX_FEATURE:0cxx_attribute_deprecated
    Feature record: CXX_FEATURE:1cxx_auto_type
    Feature record: CXX_FEATURE:0cxx_binary_literals
    Feature record: CXX_FEATURE:1cxx_constexpr
    Feature record: CXX_FEATURE:0cxx_contextual_conversions
    Feature record: CXX_FEATURE:1cxx_decltype
    Feature record: CXX_FEATURE:0cxx_decltype_auto
    Feature record: CXX_FEATURE:1cxx_decltype_incomplete_return_types
    Feature record: CXX_FEATURE:1cxx_default_function_template_args
    Feature record: CXX_FEATURE:1cxx_defaulted_functions
    Feature record: CXX_FEATURE:1cxx_defaulted_move_initializers
    Feature record: CXX_FEATURE:1cxx_delegating_constructors
    Feature record: CXX_FEATURE:1cxx_deleted_functions
    Feature record: CXX_FEATURE:0cxx_digit_separators
    Feature record: CXX_FEATURE:1cxx_enum_forward_declarations
    Feature record: CXX_FEATURE:1cxx_explicit_conversions
    Feature record: CXX_FEATURE:1cxx_extended_friend_declarations
    Feature record: CXX_FEATURE:1cxx_extern_templates
    Feature record: CXX_FEATURE:1cxx_final
    Feature record: CXX_FEATURE:1cxx_func_identifier
    Feature record: CXX_FEATURE:1cxx_generalized_initializers
    Feature record: CXX_FEATURE:0cxx_generic_lambdas
    Feature record: CXX_FEATURE:1cxx_inheriting_constructors
    Feature record: CXX_FEATURE:1cxx_inline_namespaces
    Feature record: CXX_FEATURE:1cxx_lambdas
    Feature record: CXX_FEATURE:0cxx_lambda_init_captures
    Feature record: CXX_FEATURE:1cxx_local_type_template_args
    Feature record: CXX_FEATURE:1cxx_long_long_type
    Feature record: CXX_FEATURE:1cxx_noexcept
    Feature record: CXX_FEATURE:1cxx_nonstatic_member_init
    Feature record: CXX_FEATURE:1cxx_nullptr
    Feature record: CXX_FEATURE:1cxx_override
    Feature record: CXX_FEATURE:1cxx_range_for
    Feature record: CXX_FEATURE:1cxx_raw_string_literals
    Feature record: CXX_FEATURE:1cxx_reference_qualified_functions
    Feature record: CXX_FEATURE:0cxx_relaxed_constexpr
    Feature record: CXX_FEATURE:0cxx_return_type_deduction
    Feature record: CXX_FEATURE:1cxx_right_angle_brackets
    Feature record: CXX_FEATURE:1cxx_rvalue_references
    Feature record: CXX_FEATURE:1cxx_sizeof_member
    Feature record: CXX_FEATURE:1cxx_static_assert
    Feature record: CXX_FEATURE:1cxx_strong_enums
    Feature record: CXX_FEATURE:1cxx_template_template_parameters
    Feature record: CXX_FEATURE:1cxx_thread_local
    Feature record: CXX_FEATURE:1cxx_trailing_return_types
    Feature record: CXX_FEATURE:1cxx_unicode_literals
    Feature record: CXX_FEATURE:1cxx_uniform_initialization
    Feature record: CXX_FEATURE:1cxx_unrestricted_unions
    Feature record: CXX_FEATURE:1cxx_user_literals
    Feature record: CXX_FEATURE:0cxx_variable_templates
    Feature record: CXX_FEATURE:1cxx_variadic_macros
    Feature record: CXX_FEATURE:1cxx_variadic_templates


Detecting CXX [-std=c++98] compiler features compiled with the following output:
Change Dir: /Users/zw/Downloads/project_NUMA_KNN/source_code_mac_osx/cmake-build-debug/CMakeFiles/CMakeTmp

Run Build Command:"/usr/bin/make" "cmTC_4446a/fast"
/Applications/Xcode.app/Contents/Developer/usr/bin/make -f CMakeFiles/cmTC_4446a.dir/build.make CMakeFiles/cmTC_4446a.dir/build
Building CXX object CMakeFiles/cmTC_4446a.dir/feature_tests.cxx.o
/usr/local/Cellar/gcc/7.2.0/bin/g++-7    -std=c++98 -std=gnu++11 -o CMakeFiles/cmTC_4446a.dir/feature_tests.cxx.o -c /Users/zw/Downloads/project_NUMA_KNN/source_code_mac_osx/cmake-build-debug/CMakeFiles/feature_tests.cxx
Linking CXX executable cmTC_4446a
"/Users/zw/Library/Application Support/JetBrains/Toolbox/apps/CLion/ch-0/173.4301.33/CLion.app/Contents/bin/cmake/bin/cmake" -E cmake_link_script CMakeFiles/cmTC_4446a.dir/link.txt --verbose=1
/usr/local/Cellar/gcc/7.2.0/bin/g++-7    -Wl,-search_paths_first -Wl,-headerpad_max_install_names   CMakeFiles/cmTC_4446a.dir/feature_tests.cxx.o  -o cmTC_4446a 


    Feature record: CXX_FEATURE:0cxx_aggregate_default_initializers
    Feature record: CXX_FEATURE:1cxx_alias_templates
    Feature record: CXX_FEATURE:1cxx_alignas
    Feature record: CXX_FEATURE:1cxx_alignof
    Feature record: CXX_FEATURE:1cxx_attributes
    Feature record: CXX_FEATURE:0cxx_attribute_deprecated
    Feature record: CXX_FEATURE:1cxx_auto_type
    Feature record: CXX_FEATURE:0cxx_binary_literals
    Feature record: CXX_FEATURE:1cxx_constexpr
    Feature record: CXX_FEATURE:0cxx_contextual_conversions
    Feature record: CXX_FEATURE:1cxx_decltype
    Feature record: CXX_FEATURE:0cxx_decltype_auto
    Feature record: CXX_FEATURE:1cxx_decltype_incomplete_return_types
    Feature record: CXX_FEATURE:1cxx_default_function_template_args
    Feature record: CXX_FEATURE:1cxx_defaulted_functions
    Feature record: CXX_FEATURE:1cxx_defaulted_move_initializers
    Feature record: CXX_FEATURE:1cxx_delegating_constructors
    Feature record: CXX_FEATURE:1cxx_deleted_functions
    Feature record: CXX_FEATURE:0cxx_digit_separators
    Feature record: CXX_FEATURE:1cxx_enum_forward_declarations
    Feature record: CXX_FEATURE:1cxx_explicit_conversions
    Feature record: CXX_FEATURE:1cxx_extended_friend_declarations
    Feature record: CXX_FEATURE:1cxx_extern_templates
    Feature record: CXX_FEATURE:1cxx_final
    Feature record: CXX_FEATURE:1cxx_func_identifier
    Feature record: CXX_FEATURE:1cxx_generalized_initializers
    Feature record: CXX_FEATURE:0cxx_generic_lambdas
    Feature record: CXX_FEATURE:1cxx_inheriting_constructors
    Feature record: CXX_FEATURE:1cxx_inline_namespaces
    Feature record: CXX_FEATURE:1cxx_lambdas
    Feature record: CXX_FEATURE:0cxx_lambda_init_captures
    Feature record: CXX_FEATURE:1cxx_local_type_template_args
    Feature record: CXX_FEATURE:1cxx_long_long_type
    Feature record: CXX_FEATURE:1cxx_noexcept
    Feature record: CXX_FEATURE:1cxx_nonstatic_member_init
    Feature record: CXX_FEATURE:1cxx_nullptr
    Feature record: CXX_FEATURE:1cxx_override
    Feature record: CXX_FEATURE:1cxx_range_for
    Feature record: CXX_FEATURE:1cxx_raw_string_literals
    Feature record: CXX_FEATURE:1cxx_reference_qualified_functions
    Feature record: CXX_FEATURE:0cxx_relaxed_constexpr
    Feature record: CXX_FEATURE:0cxx_return_type_deduction
    Feature record: CXX_FEATURE:1cxx_right_angle_brackets
    Feature record: CXX_FEATURE:1cxx_rvalue_references
    Feature record: CXX_FEATURE:1cxx_sizeof_member
    Feature record: CXX_FEATURE:1cxx_static_assert
    Feature record: CXX_FEATURE:1cxx_strong_enums
    Feature record: CXX_FEATURE:1cxx_template_template_parameters
    Feature record: CXX_FEATURE:1cxx_thread_local
    Feature record: CXX_FEATURE:1cxx_trailing_return_types
    Feature record: CXX_FEATURE:1cxx_unicode_literals
    Feature record: CXX_FEATURE:1cxx_uniform_initialization
    Feature record: CXX_FEATURE:1cxx_unrestricted_unions
    Feature record: CXX_FEATURE:1cxx_user_literals
    Feature record: CXX_FEATURE:0cxx_variable_templates
    Feature record: CXX_FEATURE:1cxx_variadic_macros
    Feature record: CXX_FEATURE:1cxx_variadic_templates
