The system is: Darwin - 17.4.0 - x86_64
Compiling the C compiler identification source file "CMakeCCompilerId.c" succeeded.
Compiler: /usr/local/opt/llvm/bin/clang 
Build flags: 
Id flags:  

The output was:
0


Compilation of the C compiler identification source "CMakeCCompilerId.c" produced "a.out"

The C compiler identification is Clang, found in "/Users/zw/Downloads/project_NUMA_KNN/source_code_mac_osx/tang_xiaoxin_source_code/build/CMakeFiles/3.10.2/CompilerIdC/a.out"

Compiling the CXX compiler identification source file "CMakeCXXCompilerId.cpp" succeeded.
Compiler: /usr/local/opt/llvm/bin/clang++ 
Build flags: 
Id flags:  

The output was:
0


Compilation of the CXX compiler identification source "CMakeCXXCompilerId.cpp" produced "a.out"

The CXX compiler identification is Clang, found in "/Users/zw/Downloads/project_NUMA_KNN/source_code_mac_osx/tang_xiaoxin_source_code/build/CMakeFiles/3.10.2/CompilerIdCXX/a.out"

Determining if the C compiler works passed with the following output:
Change Dir: /Users/zw/Downloads/project_NUMA_KNN/source_code_mac_osx/tang_xiaoxin_source_code/build/CMakeFiles/CMakeTmp

Run Build Command:"/usr/bin/make" "cmTC_45011/fast"
/Applications/Xcode.app/Contents/Developer/usr/bin/make -f CMakeFiles/cmTC_45011.dir/build.make CMakeFiles/cmTC_45011.dir/build
Building C object CMakeFiles/cmTC_45011.dir/testCCompiler.c.o
/usr/local/opt/llvm/bin/clang    -o CMakeFiles/cmTC_45011.dir/testCCompiler.c.o   -c /Users/zw/Downloads/project_NUMA_KNN/source_code_mac_osx/tang_xiaoxin_source_code/build/CMakeFiles/CMakeTmp/testCCompiler.c
Linking C executable cmTC_45011
/usr/local/Cellar/cmake/3.10.2/bin/cmake -E cmake_link_script CMakeFiles/cmTC_45011.dir/link.txt --verbose=1
/usr/local/opt/llvm/bin/clang   -Wl,-search_paths_first -Wl,-headerpad_max_install_names   CMakeFiles/cmTC_45011.dir/testCCompiler.c.o  -o cmTC_45011 


Detecting C compiler ABI info compiled with the following output:
Change Dir: /Users/zw/Downloads/project_NUMA_KNN/source_code_mac_osx/tang_xiaoxin_source_code/build/CMakeFiles/CMakeTmp

Run Build Command:"/usr/bin/make" "cmTC_afccb/fast"
/Applications/Xcode.app/Contents/Developer/usr/bin/make -f CMakeFiles/cmTC_afccb.dir/build.make CMakeFiles/cmTC_afccb.dir/build
Building C object CMakeFiles/cmTC_afccb.dir/CMakeCCompilerABI.c.o
/usr/local/opt/llvm/bin/clang    -o CMakeFiles/cmTC_afccb.dir/CMakeCCompilerABI.c.o   -c /usr/local/Cellar/cmake/3.10.2/share/cmake/Modules/CMakeCCompilerABI.c
Linking C executable cmTC_afccb
/usr/local/Cellar/cmake/3.10.2/bin/cmake -E cmake_link_script CMakeFiles/cmTC_afccb.dir/link.txt --verbose=1
/usr/local/opt/llvm/bin/clang   -Wl,-search_paths_first -Wl,-headerpad_max_install_names  -v -Wl,-v CMakeFiles/cmTC_afccb.dir/CMakeCCompilerABI.c.o  -o cmTC_afccb 
clang version 5.0.1 (tags/RELEASE_501/final)
Target: x86_64-apple-darwin17.4.0
Thread model: posix
InstalledDir: /usr/local/opt/llvm/bin
Found CUDA installation: /usr/local/cuda, version 8.0
 "/usr/bin/ld" -demangle -lto_library /usr/local/Cellar/llvm/5.0.1/lib/libLTO.dylib -dynamic -arch x86_64 -macosx_version_min 10.13.0 -o cmTC_afccb -search_paths_first -headerpad_max_install_names -v CMakeFiles/cmTC_afccb.dir/CMakeCCompilerABI.c.o -lSystem /usr/local/Cellar/llvm/5.0.1/lib/clang/5.0.1/lib/darwin/libclang_rt.osx.a
@(#)PROGRAM:ld  PROJECT:ld64-305
configured to support archs: armv6 armv7 armv7s arm64 i386 x86_64 x86_64h armv6m armv7k armv7m armv7em (tvOS)
Library search paths:
	/usr/lib
	/usr/local/lib
Framework search paths:
	/Library/Frameworks/
	/System/Library/Frameworks/


Parsed C implicit link information from above output:
  link line regex: [^( *|.*[/\])(ld|CMAKE_LINK_STARTFILE-NOTFOUND|([^/\]+-)?ld|collect2)[^/\]*( |$)]
  ignore line: [Change Dir: /Users/zw/Downloads/project_NUMA_KNN/source_code_mac_osx/tang_xiaoxin_source_code/build/CMakeFiles/CMakeTmp]
  ignore line: []
  ignore line: [Run Build Command:"/usr/bin/make" "cmTC_afccb/fast"]
  ignore line: [/Applications/Xcode.app/Contents/Developer/usr/bin/make -f CMakeFiles/cmTC_afccb.dir/build.make CMakeFiles/cmTC_afccb.dir/build]
  ignore line: [Building C object CMakeFiles/cmTC_afccb.dir/CMakeCCompilerABI.c.o]
  ignore line: [/usr/local/opt/llvm/bin/clang    -o CMakeFiles/cmTC_afccb.dir/CMakeCCompilerABI.c.o   -c /usr/local/Cellar/cmake/3.10.2/share/cmake/Modules/CMakeCCompilerABI.c]
  ignore line: [Linking C executable cmTC_afccb]
  ignore line: [/usr/local/Cellar/cmake/3.10.2/bin/cmake -E cmake_link_script CMakeFiles/cmTC_afccb.dir/link.txt --verbose=1]
  ignore line: [/usr/local/opt/llvm/bin/clang   -Wl,-search_paths_first -Wl,-headerpad_max_install_names  -v -Wl,-v CMakeFiles/cmTC_afccb.dir/CMakeCCompilerABI.c.o  -o cmTC_afccb ]
  ignore line: [clang version 5.0.1 (tags/RELEASE_501/final)]
  ignore line: [Target: x86_64-apple-darwin17.4.0]
  ignore line: [Thread model: posix]
  ignore line: [InstalledDir: /usr/local/opt/llvm/bin]
  ignore line: [Found CUDA installation: /usr/local/cuda, version 8.0]
  link line: [ "/usr/bin/ld" -demangle -lto_library /usr/local/Cellar/llvm/5.0.1/lib/libLTO.dylib -dynamic -arch x86_64 -macosx_version_min 10.13.0 -o cmTC_afccb -search_paths_first -headerpad_max_install_names -v CMakeFiles/cmTC_afccb.dir/CMakeCCompilerABI.c.o -lSystem /usr/local/Cellar/llvm/5.0.1/lib/clang/5.0.1/lib/darwin/libclang_rt.osx.a]
    arg [/usr/bin/ld] ==> ignore
    arg [-demangle] ==> ignore
    arg [-lto_library] ==> ignore, skip following value
    arg [/usr/local/Cellar/llvm/5.0.1/lib/libLTO.dylib] ==> skip value of -lto_library
    arg [-dynamic] ==> ignore
    arg [-arch] ==> ignore
    arg [x86_64] ==> ignore
    arg [-macosx_version_min] ==> ignore
    arg [10.13.0] ==> ignore
    arg [-o] ==> ignore
    arg [cmTC_afccb] ==> ignore
    arg [-search_paths_first] ==> ignore
    arg [-headerpad_max_install_names] ==> ignore
    arg [-v] ==> ignore
    arg [CMakeFiles/cmTC_afccb.dir/CMakeCCompilerABI.c.o] ==> ignore
    arg [-lSystem] ==> lib [System]
    arg [/usr/local/Cellar/llvm/5.0.1/lib/clang/5.0.1/lib/darwin/libclang_rt.osx.a] ==> lib [/usr/local/Cellar/llvm/5.0.1/lib/clang/5.0.1/lib/darwin/libclang_rt.osx.a]
  Library search paths: [;/usr/lib;/usr/local/lib]
  Framework search paths: [;/Library/Frameworks/;/System/Library/Frameworks/]
  remove lib [System]
  remove lib [/usr/local/Cellar/llvm/5.0.1/lib/clang/5.0.1/lib/darwin/libclang_rt.osx.a]
  collapse library dir [/usr/lib] ==> [/usr/lib]
  collapse library dir [/usr/local/lib] ==> [/usr/local/lib]
  collapse framework dir [/Library/Frameworks/] ==> [/Library/Frameworks]
  collapse framework dir [/System/Library/Frameworks/] ==> [/System/Library/Frameworks]
  implicit libs: []
  implicit dirs: [/usr/lib;/usr/local/lib]
  implicit fwks: [/Library/Frameworks;/System/Library/Frameworks]


Determining if the CXX compiler works passed with the following output:
Change Dir: /Users/zw/Downloads/project_NUMA_KNN/source_code_mac_osx/tang_xiaoxin_source_code/build/CMakeFiles/CMakeTmp

Run Build Command:"/usr/bin/make" "cmTC_44ec7/fast"
/Applications/Xcode.app/Contents/Developer/usr/bin/make -f CMakeFiles/cmTC_44ec7.dir/build.make CMakeFiles/cmTC_44ec7.dir/build
Building CXX object CMakeFiles/cmTC_44ec7.dir/testCXXCompiler.cxx.o
/usr/local/opt/llvm/bin/clang++     -o CMakeFiles/cmTC_44ec7.dir/testCXXCompiler.cxx.o -c /Users/zw/Downloads/project_NUMA_KNN/source_code_mac_osx/tang_xiaoxin_source_code/build/CMakeFiles/CMakeTmp/testCXXCompiler.cxx
Linking CXX executable cmTC_44ec7
/usr/local/Cellar/cmake/3.10.2/bin/cmake -E cmake_link_script CMakeFiles/cmTC_44ec7.dir/link.txt --verbose=1
/usr/local/opt/llvm/bin/clang++    -Wl,-search_paths_first -Wl,-headerpad_max_install_names   CMakeFiles/cmTC_44ec7.dir/testCXXCompiler.cxx.o  -o cmTC_44ec7 


Detecting CXX compiler ABI info compiled with the following output:
Change Dir: /Users/zw/Downloads/project_NUMA_KNN/source_code_mac_osx/tang_xiaoxin_source_code/build/CMakeFiles/CMakeTmp

Run Build Command:"/usr/bin/make" "cmTC_4aaeb/fast"
/Applications/Xcode.app/Contents/Developer/usr/bin/make -f CMakeFiles/cmTC_4aaeb.dir/build.make CMakeFiles/cmTC_4aaeb.dir/build
Building CXX object CMakeFiles/cmTC_4aaeb.dir/CMakeCXXCompilerABI.cpp.o
/usr/local/opt/llvm/bin/clang++     -o CMakeFiles/cmTC_4aaeb.dir/CMakeCXXCompilerABI.cpp.o -c /usr/local/Cellar/cmake/3.10.2/share/cmake/Modules/CMakeCXXCompilerABI.cpp
Linking CXX executable cmTC_4aaeb
/usr/local/Cellar/cmake/3.10.2/bin/cmake -E cmake_link_script CMakeFiles/cmTC_4aaeb.dir/link.txt --verbose=1
/usr/local/opt/llvm/bin/clang++    -Wl,-search_paths_first -Wl,-headerpad_max_install_names  -v -Wl,-v CMakeFiles/cmTC_4aaeb.dir/CMakeCXXCompilerABI.cpp.o  -o cmTC_4aaeb 
clang version 5.0.1 (tags/RELEASE_501/final)
Target: x86_64-apple-darwin17.4.0
Thread model: posix
InstalledDir: /usr/local/opt/llvm/bin
Found CUDA installation: /usr/local/cuda, version 8.0
 "/usr/bin/ld" -demangle -lto_library /usr/local/Cellar/llvm/5.0.1/lib/libLTO.dylib -dynamic -arch x86_64 -macosx_version_min 10.13.0 -o cmTC_4aaeb -search_paths_first -headerpad_max_install_names -v CMakeFiles/cmTC_4aaeb.dir/CMakeCXXCompilerABI.cpp.o -lc++ -lSystem /usr/local/Cellar/llvm/5.0.1/lib/clang/5.0.1/lib/darwin/libclang_rt.osx.a
@(#)PROGRAM:ld  PROJECT:ld64-305
configured to support archs: armv6 armv7 armv7s arm64 i386 x86_64 x86_64h armv6m armv7k armv7m armv7em (tvOS)
Library search paths:
	/usr/lib
	/usr/local/lib
Framework search paths:
	/Library/Frameworks/
	/System/Library/Frameworks/


Parsed CXX implicit link information from above output:
  link line regex: [^( *|.*[/\])(ld|CMAKE_LINK_STARTFILE-NOTFOUND|([^/\]+-)?ld|collect2)[^/\]*( |$)]
  ignore line: [Change Dir: /Users/zw/Downloads/project_NUMA_KNN/source_code_mac_osx/tang_xiaoxin_source_code/build/CMakeFiles/CMakeTmp]
  ignore line: []
  ignore line: [Run Build Command:"/usr/bin/make" "cmTC_4aaeb/fast"]
  ignore line: [/Applications/Xcode.app/Contents/Developer/usr/bin/make -f CMakeFiles/cmTC_4aaeb.dir/build.make CMakeFiles/cmTC_4aaeb.dir/build]
  ignore line: [Building CXX object CMakeFiles/cmTC_4aaeb.dir/CMakeCXXCompilerABI.cpp.o]
  ignore line: [/usr/local/opt/llvm/bin/clang++     -o CMakeFiles/cmTC_4aaeb.dir/CMakeCXXCompilerABI.cpp.o -c /usr/local/Cellar/cmake/3.10.2/share/cmake/Modules/CMakeCXXCompilerABI.cpp]
  ignore line: [Linking CXX executable cmTC_4aaeb]
  ignore line: [/usr/local/Cellar/cmake/3.10.2/bin/cmake -E cmake_link_script CMakeFiles/cmTC_4aaeb.dir/link.txt --verbose=1]
  ignore line: [/usr/local/opt/llvm/bin/clang++    -Wl,-search_paths_first -Wl,-headerpad_max_install_names  -v -Wl,-v CMakeFiles/cmTC_4aaeb.dir/CMakeCXXCompilerABI.cpp.o  -o cmTC_4aaeb ]
  ignore line: [clang version 5.0.1 (tags/RELEASE_501/final)]
  ignore line: [Target: x86_64-apple-darwin17.4.0]
  ignore line: [Thread model: posix]
  ignore line: [InstalledDir: /usr/local/opt/llvm/bin]
  ignore line: [Found CUDA installation: /usr/local/cuda, version 8.0]
  link line: [ "/usr/bin/ld" -demangle -lto_library /usr/local/Cellar/llvm/5.0.1/lib/libLTO.dylib -dynamic -arch x86_64 -macosx_version_min 10.13.0 -o cmTC_4aaeb -search_paths_first -headerpad_max_install_names -v CMakeFiles/cmTC_4aaeb.dir/CMakeCXXCompilerABI.cpp.o -lc++ -lSystem /usr/local/Cellar/llvm/5.0.1/lib/clang/5.0.1/lib/darwin/libclang_rt.osx.a]
    arg [/usr/bin/ld] ==> ignore
    arg [-demangle] ==> ignore
    arg [-lto_library] ==> ignore, skip following value
    arg [/usr/local/Cellar/llvm/5.0.1/lib/libLTO.dylib] ==> skip value of -lto_library
    arg [-dynamic] ==> ignore
    arg [-arch] ==> ignore
    arg [x86_64] ==> ignore
    arg [-macosx_version_min] ==> ignore
    arg [10.13.0] ==> ignore
    arg [-o] ==> ignore
    arg [cmTC_4aaeb] ==> ignore
    arg [-search_paths_first] ==> ignore
    arg [-headerpad_max_install_names] ==> ignore
    arg [-v] ==> ignore
    arg [CMakeFiles/cmTC_4aaeb.dir/CMakeCXXCompilerABI.cpp.o] ==> ignore
    arg [-lc++] ==> lib [c++]
    arg [-lSystem] ==> lib [System]
    arg [/usr/local/Cellar/llvm/5.0.1/lib/clang/5.0.1/lib/darwin/libclang_rt.osx.a] ==> lib [/usr/local/Cellar/llvm/5.0.1/lib/clang/5.0.1/lib/darwin/libclang_rt.osx.a]
  Library search paths: [;/usr/lib;/usr/local/lib]
  Framework search paths: [;/Library/Frameworks/;/System/Library/Frameworks/]
  remove lib [System]
  remove lib [/usr/local/Cellar/llvm/5.0.1/lib/clang/5.0.1/lib/darwin/libclang_rt.osx.a]
  collapse library dir [/usr/lib] ==> [/usr/lib]
  collapse library dir [/usr/local/lib] ==> [/usr/local/lib]
  collapse framework dir [/Library/Frameworks/] ==> [/Library/Frameworks]
  collapse framework dir [/System/Library/Frameworks/] ==> [/System/Library/Frameworks]
  implicit libs: [c++]
  implicit dirs: [/usr/lib;/usr/local/lib]
  implicit fwks: [/Library/Frameworks;/System/Library/Frameworks]


